This file contains any messages produced by compilers while
running configure, to aid debugging if configure makes a mistake.

It was created by pgadmin3 configure 1.22.2, which was
generated by GNU Autoconf 2.69.  Invocation command line was

  $ ./configure --with-wx-version=3.0

## --------- ##
## Platform. ##
## --------- ##

hostname = b5dede92db42
uname -m = x86_64
uname -r = 5.0.0-25-generic
uname -s = Linux
uname -v = #26~18.04.1-Ubuntu SMP Thu Aug 1 13:51:02 UTC 2019

/usr/bin/uname -p = unknown
/bin/uname -X     = unknown

/bin/arch              = unknown
/usr/bin/arch -k       = unknown
/usr/convex/getsysinfo = unknown
/usr/bin/hostinfo      = unknown
/bin/machine           = unknown
/usr/bin/oslevel       = unknown
/bin/universe          = unknown

PATH: /usr/local/sbin
PATH: /usr/local/bin
PATH: /usr/sbin
PATH: /usr/bin
PATH: /sbin
PATH: /bin


## ----------- ##
## Core tests. ##
## ----------- ##

configure:2411: checking build system type
configure:2425: result: x86_64-unknown-linux-gnu
configure:2445: checking host system type
configure:2458: result: x86_64-unknown-linux-gnu
configure:2494: checking for a BSD-compatible install
configure:2562: result: /usr/bin/install -c
configure:2573: checking whether build environment is sane
configure:2628: result: yes
configure:2779: checking for a thread-safe mkdir -p
configure:2818: result: /bin/mkdir -p
configure:2825: checking for gawk
configure:2855: result: no
configure:2825: checking for mawk
configure:2841: found /usr/bin/mawk
configure:2852: result: mawk
configure:2863: checking whether make sets $(MAKE)
configure:2885: result: yes
configure:2914: checking whether make supports nested variables
configure:2931: result: yes
configure:3020: checking whether UID '0' is supported by ustar format
configure:3023: result: yes
configure:3030: checking whether GID '0' is supported by ustar format
configure:3033: result: yes
configure:3041: checking how to create a ustar tar archive
configure:3052: tar --version
tar (GNU tar) 1.29
Copyright (C) 2015 Free Software Foundation, Inc.
License GPLv3+: GNU GPL version 3 or later <http://gnu.org/licenses/gpl.html>.
This is free software: you are free to change and redistribute it.
There is NO WARRANTY, to the extent permitted by law.

Written by John Gilmore and Jay Fenlason.
configure:3055: $? = 0
configure:3095: tardir=conftest.dir && eval tar --format=ustar -chf - "$tardir" >conftest.tar
configure:3098: $? = 0
configure:3102: tar -xf - <conftest.tar
configure:3105: $? = 0
configure:3107: cat conftest.dir/file
GrepMe
configure:3110: $? = 0
configure:3123: result: gnutar
configure:3224: checking for gcc
configure:3240: found /usr/bin/gcc
configure:3251: result: gcc
configure:3480: checking for C compiler version
configure:3489: gcc --version >&5
gcc (Ubuntu 7.4.0-1ubuntu1~18.04.1) 7.4.0
Copyright (C) 2017 Free Software Foundation, Inc.
This is free software; see the source for copying conditions.  There is NO
warranty; not even for MERCHANTABILITY or FITNESS FOR A PARTICULAR PURPOSE.

configure:3500: $? = 0
configure:3489: gcc -v >&5
Using built-in specs.
COLLECT_GCC=gcc
COLLECT_LTO_WRAPPER=/usr/lib/gcc/x86_64-linux-gnu/7/lto-wrapper
OFFLOAD_TARGET_NAMES=nvptx-none
OFFLOAD_TARGET_DEFAULT=1
Target: x86_64-linux-gnu
Configured with: ../src/configure -v --with-pkgversion='Ubuntu 7.4.0-1ubuntu1~18.04.1' --with-bugurl=file:///usr/share/doc/gcc-7/README.Bugs --enable-languages=c,ada,c++,go,brig,d,fortran,objc,obj-c++ --prefix=/usr --with-gcc-major-version-only --program-suffix=-7 --program-prefix=x86_64-linux-gnu- --enable-shared --enable-linker-build-id --libexecdir=/usr/lib --without-included-gettext --enable-threads=posix --libdir=/usr/lib --enable-nls --with-sysroot=/ --enable-clocale=gnu --enable-libstdcxx-debug --enable-libstdcxx-time=yes --with-default-libstdcxx-abi=new --enable-gnu-unique-object --disable-vtable-verify --enable-libmpx --enable-plugin --enable-default-pie --with-system-zlib --with-target-system-zlib --enable-objc-gc=auto --enable-multiarch --disable-werror --with-arch-32=i686 --with-abi=m64 --with-multilib-list=m32,m64,mx32 --enable-multilib --with-tune=generic --enable-offload-targets=nvptx-none --without-cuda-driver --enable-checking=release --build=x86_64-linux-gnu --host=x86_64-linux-gnu --target=x86_64-linux-gnu
Thread model: posix
gcc version 7.4.0 (Ubuntu 7.4.0-1ubuntu1~18.04.1) 
configure:3500: $? = 0
configure:3489: gcc -V >&5
gcc: error: unrecognized command line option '-V'
gcc: fatal error: no input files
compilation terminated.
configure:3500: $? = 1
configure:3489: gcc -qversion >&5
gcc: error: unrecognized command line option '-qversion'; did you mean '--version'?
gcc: fatal error: no input files
compilation terminated.
configure:3500: $? = 1
configure:3520: checking whether the C compiler works
configure:3542: gcc    conftest.c  >&5
configure:3546: $? = 0
configure:3594: result: yes
configure:3597: checking for C compiler default output file name
configure:3599: result: a.out
configure:3605: checking for suffix of executables
configure:3612: gcc -o conftest    conftest.c  >&5
configure:3616: $? = 0
configure:3638: result: 
configure:3660: checking whether we are cross compiling
configure:3668: gcc -o conftest    conftest.c  >&5
configure:3672: $? = 0
configure:3679: ./conftest
configure:3683: $? = 0
configure:3698: result: no
configure:3703: checking for suffix of object files
configure:3725: gcc -c   conftest.c >&5
configure:3729: $? = 0
configure:3750: result: o
configure:3754: checking whether we are using the GNU C compiler
configure:3773: gcc -c   conftest.c >&5
configure:3773: $? = 0
configure:3782: result: yes
configure:3791: checking whether gcc accepts -g
configure:3811: gcc -c -g  conftest.c >&5
configure:3811: $? = 0
configure:3852: result: yes
configure:3869: checking for gcc option to accept ISO C89
configure:3932: gcc  -c -g -O2  conftest.c >&5
configure:3932: $? = 0
configure:3945: result: none needed
configure:3970: checking whether gcc understands -c and -o together
configure:3992: gcc -c conftest.c -o conftest2.o
configure:3995: $? = 0
configure:3992: gcc -c conftest.c -o conftest2.o
configure:3995: $? = 0
configure:4007: result: yes
configure:4035: checking for style of include used by make
configure:4063: result: GNU
configure:4089: checking dependency style of gcc
configure:4200: result: gcc3
configure:4273: checking for g++
configure:4289: found /usr/bin/g++
configure:4300: result: g++
configure:4327: checking for C++ compiler version
configure:4336: g++ --version >&5
g++ (Ubuntu 7.4.0-1ubuntu1~18.04.1) 7.4.0
Copyright (C) 2017 Free Software Foundation, Inc.
This is free software; see the source for copying conditions.  There is NO
warranty; not even for MERCHANTABILITY or FITNESS FOR A PARTICULAR PURPOSE.

configure:4347: $? = 0
configure:4336: g++ -v >&5
Using built-in specs.
COLLECT_GCC=g++
COLLECT_LTO_WRAPPER=/usr/lib/gcc/x86_64-linux-gnu/7/lto-wrapper
OFFLOAD_TARGET_NAMES=nvptx-none
OFFLOAD_TARGET_DEFAULT=1
Target: x86_64-linux-gnu
Configured with: ../src/configure -v --with-pkgversion='Ubuntu 7.4.0-1ubuntu1~18.04.1' --with-bugurl=file:///usr/share/doc/gcc-7/README.Bugs --enable-languages=c,ada,c++,go,brig,d,fortran,objc,obj-c++ --prefix=/usr --with-gcc-major-version-only --program-suffix=-7 --program-prefix=x86_64-linux-gnu- --enable-shared --enable-linker-build-id --libexecdir=/usr/lib --without-included-gettext --enable-threads=posix --libdir=/usr/lib --enable-nls --with-sysroot=/ --enable-clocale=gnu --enable-libstdcxx-debug --enable-libstdcxx-time=yes --with-default-libstdcxx-abi=new --enable-gnu-unique-object --disable-vtable-verify --enable-libmpx --enable-plugin --enable-default-pie --with-system-zlib --with-target-system-zlib --enable-objc-gc=auto --enable-multiarch --disable-werror --with-arch-32=i686 --with-abi=m64 --with-multilib-list=m32,m64,mx32 --enable-multilib --with-tune=generic --enable-offload-targets=nvptx-none --without-cuda-driver --enable-checking=release --build=x86_64-linux-gnu --host=x86_64-linux-gnu --target=x86_64-linux-gnu
Thread model: posix
gcc version 7.4.0 (Ubuntu 7.4.0-1ubuntu1~18.04.1) 
configure:4347: $? = 0
configure:4336: g++ -V >&5
g++: error: unrecognized command line option '-V'
g++: fatal error: no input files
compilation terminated.
configure:4347: $? = 1
configure:4336: g++ -qversion >&5
g++: error: unrecognized command line option '-qversion'; did you mean '--version'?
g++: fatal error: no input files
compilation terminated.
configure:4347: $? = 1
configure:4351: checking whether we are using the GNU C++ compiler
configure:4370: g++ -c   conftest.cpp >&5
configure:4370: $? = 0
configure:4379: result: yes
configure:4388: checking whether g++ accepts -g
configure:4408: g++ -c -g  conftest.cpp >&5
configure:4408: $? = 0
configure:4449: result: yes
configure:4474: checking dependency style of g++
configure:4585: result: gcc3
configure:4644: checking for ranlib
configure:4660: found /usr/bin/ranlib
configure:4671: result: ranlib
configure:4738: checking how to run the C preprocessor
configure:4769: gcc -E  conftest.c
configure:4769: $? = 0
configure:4783: gcc -E  conftest.c
conftest.c:11:10: fatal error: ac_nonexistent.h: No such file or directory
 #include <ac_nonexistent.h>
          ^~~~~~~~~~~~~~~~~~
compilation terminated.
configure:4783: $? = 1
configure: failed program was:
| /* confdefs.h */
| #define PACKAGE_NAME "pgadmin3"
| #define PACKAGE_TARNAME "pgadmin3"
| #define PACKAGE_VERSION "1.22.2"
| #define PACKAGE_STRING "pgadmin3 1.22.2"
| #define PACKAGE_BUGREPORT "pgadmin-support@postgresql.org"
| #define PACKAGE_URL ""
| #define PACKAGE "pgadmin3"
| #define VERSION "1.22.2"
| /* end confdefs.h.  */
| #include <ac_nonexistent.h>
configure:4808: result: gcc -E
configure:4828: gcc -E  conftest.c
configure:4828: $? = 0
configure:4842: gcc -E  conftest.c
conftest.c:11:10: fatal error: ac_nonexistent.h: No such file or directory
 #include <ac_nonexistent.h>
          ^~~~~~~~~~~~~~~~~~
compilation terminated.
configure:4842: $? = 1
configure: failed program was:
| /* confdefs.h */
| #define PACKAGE_NAME "pgadmin3"
| #define PACKAGE_TARNAME "pgadmin3"
| #define PACKAGE_VERSION "1.22.2"
| #define PACKAGE_STRING "pgadmin3 1.22.2"
| #define PACKAGE_BUGREPORT "pgadmin-support@postgresql.org"
| #define PACKAGE_URL ""
| #define PACKAGE "pgadmin3"
| #define VERSION "1.22.2"
| /* end confdefs.h.  */
| #include <ac_nonexistent.h>
configure:4871: checking for grep that handles long lines and -e
configure:4929: result: /bin/grep
configure:4934: checking for egrep
configure:4996: result: /bin/grep -E
configure:5001: checking for ANSI C header files
configure:5021: gcc -c -g -O2  conftest.c >&5
configure:5021: $? = 0
configure:5094: gcc -o conftest -g -O2   conftest.c  >&5
configure:5094: $? = 0
configure:5094: ./conftest
configure:5094: $? = 0
configure:5105: result: yes
configure:5118: checking for sys/types.h
configure:5118: gcc -c -g -O2  conftest.c >&5
configure:5118: $? = 0
configure:5118: result: yes
configure:5118: checking for sys/stat.h
configure:5118: gcc -c -g -O2  conftest.c >&5
configure:5118: $? = 0
configure:5118: result: yes
configure:5118: checking for stdlib.h
configure:5118: gcc -c -g -O2  conftest.c >&5
configure:5118: $? = 0
configure:5118: result: yes
configure:5118: checking for string.h
configure:5118: gcc -c -g -O2  conftest.c >&5
configure:5118: $? = 0
configure:5118: result: yes
configure:5118: checking for memory.h
configure:5118: gcc -c -g -O2  conftest.c >&5
configure:5118: $? = 0
configure:5118: result: yes
configure:5118: checking for strings.h
configure:5118: gcc -c -g -O2  conftest.c >&5
configure:5118: $? = 0
configure:5118: result: yes
configure:5118: checking for inttypes.h
configure:5118: gcc -c -g -O2  conftest.c >&5
configure:5118: $? = 0
configure:5118: result: yes
configure:5118: checking for stdint.h
configure:5118: gcc -c -g -O2  conftest.c >&5
configure:5118: $? = 0
configure:5118: result: yes
configure:5118: checking for unistd.h
configure:5118: gcc -c -g -O2  conftest.c >&5
configure:5118: $? = 0
configure:5118: result: yes
configure:5133: checking arpa/inet.h usability
configure:5133: gcc -c -g -O2  conftest.c >&5
configure:5133: $? = 0
configure:5133: result: yes
configure:5133: checking arpa/inet.h presence
configure:5133: gcc -E  conftest.c
configure:5133: $? = 0
configure:5133: result: yes
configure:5133: checking for arpa/inet.h
configure:5133: result: yes
configure:5133: checking netdb.h usability
configure:5133: gcc -c -g -O2  conftest.c >&5
configure:5133: $? = 0
configure:5133: result: yes
configure:5133: checking netdb.h presence
configure:5133: gcc -E  conftest.c
configure:5133: $? = 0
configure:5133: result: yes
configure:5133: checking for netdb.h
configure:5133: result: yes
configure:5133: checking netinet/in.h usability
configure:5133: gcc -c -g -O2  conftest.c >&5
configure:5133: $? = 0
configure:5133: result: yes
configure:5133: checking netinet/in.h presence
configure:5133: gcc -E  conftest.c
configure:5133: $? = 0
configure:5133: result: yes
configure:5133: checking for netinet/in.h
configure:5133: result: yes
configure:5133: checking for stdlib.h
configure:5133: result: yes
configure:5146: checking errno.h usability
configure:5146: gcc -c -g -O2  conftest.c >&5
configure:5146: $? = 0
configure:5146: result: yes
configure:5146: checking errno.h presence
configure:5146: gcc -E  conftest.c
configure:5146: $? = 0
configure:5146: result: yes
configure:5146: checking for errno.h
configure:5146: result: yes
configure:5146: checking fcntl.h usability
configure:5146: gcc -c -g -O2  conftest.c >&5
configure:5146: $? = 0
configure:5146: result: yes
configure:5146: checking fcntl.h presence
configure:5146: gcc -E  conftest.c
configure:5146: $? = 0
configure:5146: result: yes
configure:5146: checking for fcntl.h
configure:5146: result: yes
configure:5146: checking stdio.h usability
configure:5146: gcc -c -g -O2  conftest.c >&5
configure:5146: $? = 0
configure:5146: result: yes
configure:5146: checking stdio.h presence
configure:5146: gcc -E  conftest.c
configure:5146: $? = 0
configure:5146: result: yes
configure:5146: checking for stdio.h
configure:5146: result: yes
configure:5146: checking for unistd.h
configure:5146: result: yes
configure:5146: checking sys/uio.h usability
configure:5146: gcc -c -g -O2  conftest.c >&5
configure:5146: $? = 0
configure:5146: result: yes
configure:5146: checking sys/uio.h presence
configure:5146: gcc -E  conftest.c
configure:5146: $? = 0
configure:5146: result: yes
configure:5146: checking for sys/uio.h
configure:5146: result: yes
configure:5159: checking sys/select.h usability
configure:5159: gcc -c -g -O2  conftest.c >&5
configure:5159: $? = 0
configure:5159: result: yes
configure:5159: checking sys/select.h presence
configure:5159: gcc -E  conftest.c
configure:5159: $? = 0
configure:5159: result: yes
configure:5159: checking for sys/select.h
configure:5159: result: yes
configure:5159: checking sys/socket.h usability
configure:5159: gcc -c -g -O2  conftest.c >&5
configure:5159: $? = 0
configure:5159: result: yes
configure:5159: checking sys/socket.h presence
configure:5159: gcc -E  conftest.c
configure:5159: $? = 0
configure:5159: result: yes
configure:5159: checking for sys/socket.h
configure:5159: result: yes
configure:5159: checking sys/ioctl.h usability
configure:5159: gcc -c -g -O2  conftest.c >&5
configure:5159: $? = 0
configure:5159: result: yes
configure:5159: checking sys/ioctl.h presence
configure:5159: gcc -E  conftest.c
configure:5159: $? = 0
configure:5159: result: yes
configure:5159: checking for sys/ioctl.h
configure:5159: result: yes
configure:5159: checking sys/time.h usability
configure:5159: gcc -c -g -O2  conftest.c >&5
configure:5159: $? = 0
configure:5159: result: yes
configure:5159: checking sys/time.h presence
configure:5159: gcc -E  conftest.c
configure:5159: $? = 0
configure:5159: result: yes
configure:5159: checking for sys/time.h
configure:5159: result: yes
configure:5171: checking sys/un.h usability
configure:5171: gcc -c -g -O2  conftest.c >&5
configure:5171: $? = 0
configure:5171: result: yes
configure:5171: checking sys/un.h presence
configure:5171: gcc -E  conftest.c
configure:5171: $? = 0
configure:5171: result: yes
configure:5171: checking for sys/un.h
configure:5171: result: yes
configure:5195: checking for stdbool.h that conforms to C99
configure:5262: gcc -c -g -O2  conftest.c >&5
configure:5262: $? = 0
configure:5269: result: yes
configure:5271: checking for _Bool
configure:5271: gcc -c -g -O2  conftest.c >&5
configure:5271: $? = 0
configure:5271: gcc -c -g -O2  conftest.c >&5
conftest.c: In function 'main':
conftest.c:71:20: error: expected expression before ')' token
 if (sizeof ((_Bool)))
                    ^
configure:5271: $? = 1
configure: failed program was:
| /* confdefs.h */
| #define PACKAGE_NAME "pgadmin3"
| #define PACKAGE_TARNAME "pgadmin3"
| #define PACKAGE_VERSION "1.22.2"
| #define PACKAGE_STRING "pgadmin3 1.22.2"
| #define PACKAGE_BUGREPORT "pgadmin-support@postgresql.org"
| #define PACKAGE_URL ""
| #define PACKAGE "pgadmin3"
| #define VERSION "1.22.2"
| #define STDC_HEADERS 1
| #define HAVE_SYS_TYPES_H 1
| #define HAVE_SYS_STAT_H 1
| #define HAVE_STDLIB_H 1
| #define HAVE_STRING_H 1
| #define HAVE_MEMORY_H 1
| #define HAVE_STRINGS_H 1
| #define HAVE_INTTYPES_H 1
| #define HAVE_STDINT_H 1
| #define HAVE_UNISTD_H 1
| #define HAVE_ARPA_INET_H 1
| #define HAVE_NETDB_H 1
| #define HAVE_NETINET_IN_H 1
| #define HAVE_STDLIB_H 1
| #define HAVE_ERRNO_H 1
| #define HAVE_FCNTL_H 1
| #define HAVE_STDIO_H 1
| #define HAVE_UNISTD_H 1
| #define HAVE_SYS_UIO_H 1
| #define HAVE_SYS_SELECT_H 1
| #define HAVE_SYS_SOCKET_H 1
| #define HAVE_SYS_IOCTL_H 1
| #define HAVE_SYS_TIME_H 1
| #define HAVE_SYS_UN_H 1
| /* end confdefs.h.  */
| #include <stdio.h>
| #ifdef HAVE_SYS_TYPES_H
| # include <sys/types.h>
| #endif
| #ifdef HAVE_SYS_STAT_H
| # include <sys/stat.h>
| #endif
| #ifdef STDC_HEADERS
| # include <stdlib.h>
| # include <stddef.h>
| #else
| # ifdef HAVE_STDLIB_H
| #  include <stdlib.h>
| # endif
| #endif
| #ifdef HAVE_STRING_H
| # if !defined STDC_HEADERS && defined HAVE_MEMORY_H
| #  include <memory.h>
| # endif
| # include <string.h>
| #endif
| #ifdef HAVE_STRINGS_H
| # include <strings.h>
| #endif
| #ifdef HAVE_INTTYPES_H
| # include <inttypes.h>
| #endif
| #ifdef HAVE_STDINT_H
| # include <stdint.h>
| #endif
| #ifdef HAVE_UNISTD_H
| # include <unistd.h>
| #endif
| int
| main ()
| {
| if (sizeof ((_Bool)))
| 	    return 0;
|   ;
|   return 0;
| }
configure:5271: result: yes
configure:5288: checking for an ANSI C-conforming const
configure:5354: gcc -c -g -O2  conftest.c >&5
configure:5354: $? = 0
configure:5361: result: yes
configure:5369: checking for size_t
configure:5369: gcc -c -g -O2  conftest.c >&5
configure:5369: $? = 0
configure:5369: gcc -c -g -O2  conftest.c >&5
conftest.c: In function 'main':
conftest.c:73:21: error: expected expression before ')' token
 if (sizeof ((size_t)))
                     ^
configure:5369: $? = 1
configure: failed program was:
| /* confdefs.h */
| #define PACKAGE_NAME "pgadmin3"
| #define PACKAGE_TARNAME "pgadmin3"
| #define PACKAGE_VERSION "1.22.2"
| #define PACKAGE_STRING "pgadmin3 1.22.2"
| #define PACKAGE_BUGREPORT "pgadmin-support@postgresql.org"
| #define PACKAGE_URL ""
| #define PACKAGE "pgadmin3"
| #define VERSION "1.22.2"
| #define STDC_HEADERS 1
| #define HAVE_SYS_TYPES_H 1
| #define HAVE_SYS_STAT_H 1
| #define HAVE_STDLIB_H 1
| #define HAVE_STRING_H 1
| #define HAVE_MEMORY_H 1
| #define HAVE_STRINGS_H 1
| #define HAVE_INTTYPES_H 1
| #define HAVE_STDINT_H 1
| #define HAVE_UNISTD_H 1
| #define HAVE_ARPA_INET_H 1
| #define HAVE_NETDB_H 1
| #define HAVE_NETINET_IN_H 1
| #define HAVE_STDLIB_H 1
| #define HAVE_ERRNO_H 1
| #define HAVE_FCNTL_H 1
| #define HAVE_STDIO_H 1
| #define HAVE_UNISTD_H 1
| #define HAVE_SYS_UIO_H 1
| #define HAVE_SYS_SELECT_H 1
| #define HAVE_SYS_SOCKET_H 1
| #define HAVE_SYS_IOCTL_H 1
| #define HAVE_SYS_TIME_H 1
| #define HAVE_SYS_UN_H 1
| #define HAVE__BOOL 1
| #define HAVE_STDBOOL_H 1
| /* end confdefs.h.  */
| #include <stdio.h>
| #ifdef HAVE_SYS_TYPES_H
| # include <sys/types.h>
| #endif
| #ifdef HAVE_SYS_STAT_H
| # include <sys/stat.h>
| #endif
| #ifdef STDC_HEADERS
| # include <stdlib.h>
| # include <stddef.h>
| #else
| # ifdef HAVE_STDLIB_H
| #  include <stdlib.h>
| # endif
| #endif
| #ifdef HAVE_STRING_H
| # if !defined STDC_HEADERS && defined HAVE_MEMORY_H
| #  include <memory.h>
| # endif
| # include <string.h>
| #endif
| #ifdef HAVE_STRINGS_H
| # include <strings.h>
| #endif
| #ifdef HAVE_INTTYPES_H
| # include <inttypes.h>
| #endif
| #ifdef HAVE_STDINT_H
| # include <stdint.h>
| #endif
| #ifdef HAVE_UNISTD_H
| # include <unistd.h>
| #endif
| int
| main ()
| {
| if (sizeof ((size_t)))
| 	    return 0;
|   ;
|   return 0;
| }
configure:5369: result: yes
configure:5380: checking whether time.h and sys/time.h may both be included
configure:5400: gcc -c -g -O2  conftest.c >&5
configure:5400: $? = 0
configure:5407: result: yes
configure:5417: checking for working strtod
configure:5458: gcc -o conftest -g -O2   conftest.c  >&5
configure:5458: $? = 0
configure:5458: ./conftest
configure:5458: $? = 0
configure:5468: result: yes
configure:5533: checking for gethostbyname
configure:5533: gcc -o conftest -g -O2   conftest.c  >&5
configure:5533: $? = 0
configure:5533: result: yes
configure:5533: checking for inet_ntoa
configure:5533: gcc -o conftest -g -O2   conftest.c  >&5
configure:5533: $? = 0
configure:5533: result: yes
configure:5533: checking for memmove
configure:5533: gcc -o conftest -g -O2   conftest.c  >&5
conftest.c:63:6: warning: conflicting types for built-in function 'memmove' [-Wbuiltin-declaration-mismatch]
 char memmove ();
      ^~~~~~~
configure:5533: $? = 0
configure:5533: result: yes
configure:5533: checking for memset
configure:5533: gcc -o conftest -g -O2   conftest.c  >&5
conftest.c:64:6: warning: conflicting types for built-in function 'memset' [-Wbuiltin-declaration-mismatch]
 char memset ();
      ^~~~~~
configure:5533: $? = 0
configure:5533: result: yes
configure:5533: checking for strchr
configure:5533: gcc -o conftest -g -O2   conftest.c  >&5
conftest.c:65:6: warning: conflicting types for built-in function 'strchr' [-Wbuiltin-declaration-mismatch]
 char strchr ();
      ^~~~~~
configure:5533: $? = 0
configure:5533: result: yes
configure:5752: checking for SSL_library_init in -lssl
configure:5777: gcc -o conftest -g -O2   conftest.c -lssl   >&5
/tmp/ccoBJEc7.o: In function `main':
/root/pgAdmin3-master/conftest.c:54: undefined reference to `SSL_library_init'
collect2: error: ld returned 1 exit status
configure:5777: $? = 1
configure: failed program was:
| /* confdefs.h */
| #define PACKAGE_NAME "pgadmin3"
| #define PACKAGE_TARNAME "pgadmin3"
| #define PACKAGE_VERSION "1.22.2"
| #define PACKAGE_STRING "pgadmin3 1.22.2"
| #define PACKAGE_BUGREPORT "pgadmin-support@postgresql.org"
| #define PACKAGE_URL ""
| #define PACKAGE "pgadmin3"
| #define VERSION "1.22.2"
| #define STDC_HEADERS 1
| #define HAVE_SYS_TYPES_H 1
| #define HAVE_SYS_STAT_H 1
| #define HAVE_STDLIB_H 1
| #define HAVE_STRING_H 1
| #define HAVE_MEMORY_H 1
| #define HAVE_STRINGS_H 1
| #define HAVE_INTTYPES_H 1
| #define HAVE_STDINT_H 1
| #define HAVE_UNISTD_H 1
| #define HAVE_ARPA_INET_H 1
| #define HAVE_NETDB_H 1
| #define HAVE_NETINET_IN_H 1
| #define HAVE_STDLIB_H 1
| #define HAVE_ERRNO_H 1
| #define HAVE_FCNTL_H 1
| #define HAVE_STDIO_H 1
| #define HAVE_UNISTD_H 1
| #define HAVE_SYS_UIO_H 1
| #define HAVE_SYS_SELECT_H 1
| #define HAVE_SYS_SOCKET_H 1
| #define HAVE_SYS_IOCTL_H 1
| #define HAVE_SYS_TIME_H 1
| #define HAVE_SYS_UN_H 1
| #define HAVE__BOOL 1
| #define HAVE_STDBOOL_H 1
| #define TIME_WITH_SYS_TIME 1
| #define HAVE_GETHOSTBYNAME 1
| #define HAVE_INET_NTOA 1
| #define HAVE_MEMMOVE 1
| #define HAVE_MEMSET 1
| #define HAVE_STRCHR 1
| /* end confdefs.h.  */
| 
| /* Override any GCC internal prototype to avoid an error.
|    Use char because int might match the return type of a GCC
|    builtin and then its argument prototype would still apply.  */
| #ifdef __cplusplus
| extern "C"
| #endif
| char SSL_library_init ();
| int
| main ()
| {
| return SSL_library_init ();
|   ;
|   return 0;
| }
configure:5786: result: no
configure:5808: checking for krb5_sendauth in -lkrb5
configure:5833: gcc -o conftest -g -O2   conftest.c -lkrb5   >&5
/usr/bin/ld: cannot find -lkrb5
collect2: error: ld returned 1 exit status
configure:5833: $? = 1
configure: failed program was:
| /* confdefs.h */
| #define PACKAGE_NAME "pgadmin3"
| #define PACKAGE_TARNAME "pgadmin3"
| #define PACKAGE_VERSION "1.22.2"
| #define PACKAGE_STRING "pgadmin3 1.22.2"
| #define PACKAGE_BUGREPORT "pgadmin-support@postgresql.org"
| #define PACKAGE_URL ""
| #define PACKAGE "pgadmin3"
| #define VERSION "1.22.2"
| #define STDC_HEADERS 1
| #define HAVE_SYS_TYPES_H 1
| #define HAVE_SYS_STAT_H 1
| #define HAVE_STDLIB_H 1
| #define HAVE_STRING_H 1
| #define HAVE_MEMORY_H 1
| #define HAVE_STRINGS_H 1
| #define HAVE_INTTYPES_H 1
| #define HAVE_STDINT_H 1
| #define HAVE_UNISTD_H 1
| #define HAVE_ARPA_INET_H 1
| #define HAVE_NETDB_H 1
| #define HAVE_NETINET_IN_H 1
| #define HAVE_STDLIB_H 1
| #define HAVE_ERRNO_H 1
| #define HAVE_FCNTL_H 1
| #define HAVE_STDIO_H 1
| #define HAVE_UNISTD_H 1
| #define HAVE_SYS_UIO_H 1
| #define HAVE_SYS_SELECT_H 1
| #define HAVE_SYS_SOCKET_H 1
| #define HAVE_SYS_IOCTL_H 1
| #define HAVE_SYS_TIME_H 1
| #define HAVE_SYS_UN_H 1
| #define HAVE__BOOL 1
| #define HAVE_STDBOOL_H 1
| #define TIME_WITH_SYS_TIME 1
| #define HAVE_GETHOSTBYNAME 1
| #define HAVE_INET_NTOA 1
| #define HAVE_MEMMOVE 1
| #define HAVE_MEMSET 1
| #define HAVE_STRCHR 1
| /* end confdefs.h.  */
| 
| /* Override any GCC internal prototype to avoid an error.
|    Use char because int might match the return type of a GCC
|    builtin and then its argument prototype would still apply.  */
| #ifdef __cplusplus
| extern "C"
| #endif
| char krb5_sendauth ();
| int
| main ()
| {
| return krb5_sendauth ();
|   ;
|   return 0;
| }
configure:5842: result: no
configure:5897: checking for PQexec in -lpq
configure:5922: gcc -o conftest -g -O2   -L/usr/lib/x86_64-linux-gnu conftest.c -lpq   >&5
configure:5922: $? = 0
configure:5931: result: yes
configure:5970: checking for PQconninfoParse in -lpq
configure:5995: gcc -o conftest -g -O2   -L/usr/lib/x86_64-linux-gnu conftest.c -lpq   >&5
configure:5995: $? = 0
configure:6004: result: yes
configure:6250: checking libpq-fe.h usability
configure:6250: gcc -c -g -O2  -I/usr/include/postgresql -I/usr/include/postgresql/10/server -I/usr/include/postgresql conftest.c >&5
configure:6250: $? = 0
configure:6250: result: yes
configure:6250: checking libpq-fe.h presence
configure:6250: gcc -E  -I/usr/include/postgresql -I/usr/include/postgresql/10/server -I/usr/include/postgresql conftest.c
configure:6250: $? = 0
configure:6250: result: yes
configure:6250: checking for libpq-fe.h
configure:6250: result: yes
configure:6267: checking PostgreSQL in /usr
configure:6269: result: ok
configure:6334: checking for PQgetOutResult in -lpq
configure:6359: gcc -o conftest -g -O2  -I/usr/include/postgresql -I/usr/include/postgresql/10/server -I/usr/include/postgresql -DHAVE_CONNINFO_PARSE  -L/usr/lib/x86_64-linux-gnu -Wl,-as-needed conftest.c -lpq   -L/usr/lib/x86_64-linux-gnu -lcrypto -lpq >&5
/tmp/cchQhQmv.o: In function `main':
/root/pgAdmin3-master/conftest.c:54: undefined reference to `PQgetOutResult'
collect2: error: ld returned 1 exit status
configure:6359: $? = 1
configure: failed program was:
| /* confdefs.h */
| #define PACKAGE_NAME "pgadmin3"
| #define PACKAGE_TARNAME "pgadmin3"
| #define PACKAGE_VERSION "1.22.2"
| #define PACKAGE_STRING "pgadmin3 1.22.2"
| #define PACKAGE_BUGREPORT "pgadmin-support@postgresql.org"
| #define PACKAGE_URL ""
| #define PACKAGE "pgadmin3"
| #define VERSION "1.22.2"
| #define STDC_HEADERS 1
| #define HAVE_SYS_TYPES_H 1
| #define HAVE_SYS_STAT_H 1
| #define HAVE_STDLIB_H 1
| #define HAVE_STRING_H 1
| #define HAVE_MEMORY_H 1
| #define HAVE_STRINGS_H 1
| #define HAVE_INTTYPES_H 1
| #define HAVE_STDINT_H 1
| #define HAVE_UNISTD_H 1
| #define HAVE_ARPA_INET_H 1
| #define HAVE_NETDB_H 1
| #define HAVE_NETINET_IN_H 1
| #define HAVE_STDLIB_H 1
| #define HAVE_ERRNO_H 1
| #define HAVE_FCNTL_H 1
| #define HAVE_STDIO_H 1
| #define HAVE_UNISTD_H 1
| #define HAVE_SYS_UIO_H 1
| #define HAVE_SYS_SELECT_H 1
| #define HAVE_SYS_SOCKET_H 1
| #define HAVE_SYS_IOCTL_H 1
| #define HAVE_SYS_TIME_H 1
| #define HAVE_SYS_UN_H 1
| #define HAVE__BOOL 1
| #define HAVE_STDBOOL_H 1
| #define TIME_WITH_SYS_TIME 1
| #define HAVE_GETHOSTBYNAME 1
| #define HAVE_INET_NTOA 1
| #define HAVE_MEMMOVE 1
| #define HAVE_MEMSET 1
| #define HAVE_STRCHR 1
| /* end confdefs.h.  */
| 
| /* Override any GCC internal prototype to avoid an error.
|    Use char because int might match the return type of a GCC
|    builtin and then its argument prototype would still apply.  */
| #ifdef __cplusplus
| extern "C"
| #endif
| char PQgetOutResult ();
| int
| main ()
| {
| return PQgetOutResult ();
|   ;
|   return 0;
| }
configure:6368: result: no
configure:6552: checking wxWidgets version
configure:6569: result: ok
configure:6600: checking wxWidgets in /usr
configure:6608: result: ok
configure:6737: checking libxml2 in /usr
configure:6745: result: ok
configure:6753: checking libxml2 version
configure:6768: result: ok
configure:6864: checking libxslt in /usr
configure:6872: result: ok
configure:6908: checking openssl/ssl.h usability
configure:6908: gcc -c -O2  -I/usr/include/postgresql -I/usr/include/postgresql/10/server -I/usr/include/postgresql -DHAVE_CONNINFO_PARSE -I/usr/lib/x86_64-linux-gnu/wx/include/gtk2-unicode-3.0 -I/usr/include/wx-3.0 -D_FILE_OFFSET_BITS=64 -DWXUSINGDLL -D__WXGTK__ -DEMBED_XRC -I/usr/include/libxml2 -I/usr/include/libxml2 conftest.c >&5
configure:6908: $? = 0
configure:6908: result: yes
configure:6908: checking openssl/ssl.h presence
configure:6908: gcc -E  -I/usr/include/postgresql -I/usr/include/postgresql/10/server -I/usr/include/postgresql -DHAVE_CONNINFO_PARSE -I/usr/lib/x86_64-linux-gnu/wx/include/gtk2-unicode-3.0 -I/usr/include/wx-3.0 -D_FILE_OFFSET_BITS=64 -DWXUSINGDLL -D__WXGTK__ -DEMBED_XRC -I/usr/include/libxml2 -I/usr/include/libxml2 conftest.c
configure:6908: $? = 0
configure:6908: result: yes
configure:6908: checking for openssl/ssl.h
configure:6908: result: yes
configure:6956: checking for ld used by GCC
configure:7020: result: /usr/bin/ld
configure:7027: checking if the linker (/usr/bin/ld) is GNU ld
configure:7040: result: yes
configure:7047: checking for shared library run path origin
configure:7060: result: done
configure:7565: checking for libssl
configure:7584: gcc -o conftest -O2  -I/usr/include/postgresql -I/usr/include/postgresql/10/server -I/usr/include/postgresql -DHAVE_CONNINFO_PARSE -I/usr/lib/x86_64-linux-gnu/wx/include/gtk2-unicode-3.0 -I/usr/include/wx-3.0 -D_FILE_OFFSET_BITS=64 -DWXUSINGDLL -D__WXGTK__ -DEMBED_XRC -I/usr/include/libxml2 -I/usr/include/libxml2  -L/usr/lib/x86_64-linux-gnu -Wl,-as-needed -L/usr/lib conftest.c  -L/usr/lib/x86_64-linux-gnu -lcrypto -lpq /usr/lib/x86_64-linux-gnu/libssl.so /usr/lib/x86_64-linux-gnu/libcrypto.so -Wl,-rpath -Wl,/usr/lib/x86_64-linux-gnu >&5
configure:7584: $? = 0
configure:7594: result: yes
configure:7601: checking how to link with libssl
configure:7603: result: /usr/lib/x86_64-linux-gnu/libssl.so /usr/lib/x86_64-linux-gnu/libcrypto.so -Wl,-rpath -Wl,/usr/lib/x86_64-linux-gnu
configure:8199: checking for EVP_aes_128_ctr
configure:8199: gcc -o conftest -O2  -I/usr/include/postgresql -I/usr/include/postgresql/10/server -I/usr/include/postgresql -DHAVE_CONNINFO_PARSE -I/usr/lib/x86_64-linux-gnu/wx/include/gtk2-unicode-3.0 -I/usr/include/wx-3.0 -D_FILE_OFFSET_BITS=64 -DWXUSINGDLL -D__WXGTK__ -DEMBED_XRC -I/usr/include/libxml2 -I/usr/include/libxml2 -DHAVE_OPENSSL_CRYPTO -DLIBSSH2_OPENSSL  -L/usr/lib/x86_64-linux-gnu -Wl,-as-needed -L/usr/lib /usr/lib/x86_64-linux-gnu/libssl.so /usr/lib/x86_64-linux-gnu/libcrypto.so -Wl,-rpath -Wl,/usr/lib/x86_64-linux-gnu conftest.c  -L/usr/lib/x86_64-linux-gnu -lcrypto -lpq /usr/lib/x86_64-linux-gnu/libssl.so /usr/lib/x86_64-linux-gnu/libcrypto.so -Wl,-rpath -Wl,/usr/lib/x86_64-linux-gnu >&5
configure:8199: $? = 0
configure:8199: result: yes
configure:8680: checking for libz
configure:8699: gcc -o conftest -O2  -I/usr/include/postgresql -I/usr/include/postgresql/10/server -I/usr/include/postgresql -DHAVE_CONNINFO_PARSE -I/usr/lib/x86_64-linux-gnu/wx/include/gtk2-unicode-3.0 -I/usr/include/wx-3.0 -D_FILE_OFFSET_BITS=64 -DWXUSINGDLL -D__WXGTK__ -DEMBED_XRC -I/usr/include/libxml2 -I/usr/include/libxml2 -DHAVE_OPENSSL_CRYPTO -DLIBSSH2_OPENSSL  -L/usr/lib/x86_64-linux-gnu -Wl,-as-needed -L/usr/lib conftest.c  -L/usr/lib/x86_64-linux-gnu -lcrypto -lpq /usr/lib/x86_64-linux-gnu/libssl.so /usr/lib/x86_64-linux-gnu/libcrypto.so -Wl,-rpath -Wl,/usr/lib/x86_64-linux-gnu /usr/lib/x86_64-linux-gnu/libz.so -Wl,-rpath -Wl,/usr/lib/x86_64-linux-gnu >&5
configure:8699: $? = 0
configure:8709: result: yes
configure:8716: checking how to link with libz
configure:8718: result: /usr/lib/x86_64-linux-gnu/libz.so -Wl,-rpath -Wl,/usr/lib/x86_64-linux-gnu
configure:8748: checking non-blocking sockets style
configure:8786: gcc -c -O2  -I/usr/include/postgresql -I/usr/include/postgresql/10/server -I/usr/include/postgresql -DHAVE_CONNINFO_PARSE -I/usr/lib/x86_64-linux-gnu/wx/include/gtk2-unicode-3.0 -I/usr/include/wx-3.0 -D_FILE_OFFSET_BITS=64 -DWXUSINGDLL -D__WXGTK__ -DEMBED_XRC -I/usr/include/libxml2 -I/usr/include/libxml2 -DHAVE_OPENSSL_CRYPTO -DLIBSSH2_OPENSSL conftest.c >&5
configure:8786: $? = 0
configure:8947: result: O_NONBLOCK
configure:9158: checking that generated files are newer than configure
configure:9164: result: done
configure:9231: creating ./config.status

## ---------------------- ##
## Running config.status. ##
## ---------------------- ##

This file was extended by pgadmin3 config.status 1.22.2, which was
generated by GNU Autoconf 2.69.  Invocation command line was

  CONFIG_FILES    = 
  CONFIG_HEADERS  = 
  CONFIG_LINKS    = 
  CONFIG_COMMANDS = 
  $ ./config.status 

on b5dede92db42

config.status:965: creating Makefile
config.status:965: creating branding/Makefile
config.status:965: creating i18n/Makefile
config.status:965: creating plugins.d/Makefile
config.status:965: creating pgadmin/Makefile
config.status:965: creating pkg/Makefile
config.status:965: creating pkg/debian/Makefile
config.status:965: creating pkg/mac/Makefile
config.status:965: creating pkg/mandrake/Makefile
config.status:965: creating pkg/redhat/Makefile
config.status:965: creating pkg/slackware/Makefile
config.status:965: creating pkg/src/Makefile
config.status:965: creating pkg/suse/Makefile
config.status:965: creating pkg/win32/Makefile
config.status:965: creating xtra/Makefile
config.status:965: creating xtra/png2c/Makefile
config.status:965: creating xtra/wx-build/Makefile
config.status:965: creating config.h
config.status:965: creating pgadmin/include/libssh2/libssh2_config.h
config.status:1194: executing depfiles commands

## ---------------- ##
## Cache variables. ##
## ---------------- ##

ac_cv_build=x86_64-unknown-linux-gnu
ac_cv_c_compiler_gnu=yes
ac_cv_c_const=yes
ac_cv_cxx_compiler_gnu=yes
ac_cv_env_CCC_set=
ac_cv_env_CCC_value=
ac_cv_env_CC_set=
ac_cv_env_CC_value=
ac_cv_env_CFLAGS_set=
ac_cv_env_CFLAGS_value=
ac_cv_env_CPPFLAGS_set=
ac_cv_env_CPPFLAGS_value=
ac_cv_env_CPP_set=
ac_cv_env_CPP_value=
ac_cv_env_CXXFLAGS_set=
ac_cv_env_CXXFLAGS_value=
ac_cv_env_CXX_set=
ac_cv_env_CXX_value=
ac_cv_env_LDFLAGS_set=
ac_cv_env_LDFLAGS_value=
ac_cv_env_LIBS_set=
ac_cv_env_LIBS_value=
ac_cv_env_build_alias_set=
ac_cv_env_build_alias_value=
ac_cv_env_host_alias_set=
ac_cv_env_host_alias_value=
ac_cv_env_target_alias_set=
ac_cv_env_target_alias_value=
ac_cv_func_EVP_aes_128_ctr=yes
ac_cv_func_gethostbyname=yes
ac_cv_func_inet_ntoa=yes
ac_cv_func_memmove=yes
ac_cv_func_memset=yes
ac_cv_func_strchr=yes
ac_cv_func_strtod=yes
ac_cv_header_arpa_inet_h=yes
ac_cv_header_errno_h=yes
ac_cv_header_fcntl_h=yes
ac_cv_header_inttypes_h=yes
ac_cv_header_libpq_fe_h=yes
ac_cv_header_memory_h=yes
ac_cv_header_netdb_h=yes
ac_cv_header_netinet_in_h=yes
ac_cv_header_openssl_ssl_h=yes
ac_cv_header_stdbool_h=yes
ac_cv_header_stdc=yes
ac_cv_header_stdint_h=yes
ac_cv_header_stdio_h=yes
ac_cv_header_stdlib_h=yes
ac_cv_header_string_h=yes
ac_cv_header_strings_h=yes
ac_cv_header_sys_ioctl_h=yes
ac_cv_header_sys_select_h=yes
ac_cv_header_sys_socket_h=yes
ac_cv_header_sys_stat_h=yes
ac_cv_header_sys_time_h=yes
ac_cv_header_sys_types_h=yes
ac_cv_header_sys_uio_h=yes
ac_cv_header_sys_un_h=yes
ac_cv_header_time=yes
ac_cv_header_unistd_h=yes
ac_cv_host=x86_64-unknown-linux-gnu
ac_cv_lib_krb5_krb5_sendauth=no
ac_cv_lib_pq_PQconninfoParse=yes
ac_cv_lib_pq_PQexec=yes
ac_cv_lib_pq_PQgetOutResult=no
ac_cv_lib_ssl_SSL_library_init=no
ac_cv_libssl=yes
ac_cv_libz=yes
ac_cv_objext=o
ac_cv_path_EGREP='/bin/grep -E'
ac_cv_path_GREP=/bin/grep
ac_cv_path_install='/usr/bin/install -c'
ac_cv_path_mkdir=/bin/mkdir
ac_cv_prog_AWK=mawk
ac_cv_prog_CPP='gcc -E'
ac_cv_prog_ac_ct_CC=gcc
ac_cv_prog_ac_ct_CXX=g++
ac_cv_prog_ac_ct_RANLIB=ranlib
ac_cv_prog_cc_c89=
ac_cv_prog_cc_g=yes
ac_cv_prog_cxx_g=yes
ac_cv_prog_make_make_set=yes
ac_cv_type__Bool=yes
ac_cv_type_size_t=yes
acl_cv_hardcode_direct=no
acl_cv_hardcode_libdir_flag_spec='${wl}-rpath ${wl}$libdir'
acl_cv_hardcode_libdir_separator=
acl_cv_hardcode_minus_L=no
acl_cv_libext=a
acl_cv_libname_spec='lib$name'
acl_cv_library_names_spec='$libname$shrext'
acl_cv_path_LD=/usr/bin/ld
acl_cv_prog_gnu_ld=yes
acl_cv_rpath=done
acl_cv_shlibext=so
acl_cv_wl=-Wl,
am_cv_CC_dependencies_compiler_type=gcc3
am_cv_CXX_dependencies_compiler_type=gcc3
am_cv_make_support_nested_variables=yes
am_cv_prog_cc_c_o=yes
am_cv_prog_tar_ustar=gnutar

## ----------------- ##
## Output variables. ##
## ----------------- ##

ACLOCAL='${SHELL} /root/pgAdmin3-master/config/missing aclocal-1.15'
AMDEPBACKSLASH='\'
AMDEP_FALSE='#'
AMDEP_TRUE=''
AMTAR='$${TAR-tar}'
AM_BACKSLASH='\'
AM_DEFAULT_V='$(AM_DEFAULT_VERBOSITY)'
AM_DEFAULT_VERBOSITY='1'
AM_V='$(V)'
APPBUNDLE_FALSE=''
APPBUNDLE_TRUE='#'
AUTOCONF='${SHELL} /root/pgAdmin3-master/config/missing autoconf'
AUTOHEADER='${SHELL} /root/pgAdmin3-master/config/missing autoheader'
AUTOMAKE='${SHELL} /root/pgAdmin3-master/config/missing automake-1.15'
AWK='mawk'
BUILD_DEBUG='no'
BUILD_DEBUG_FALSE=''
BUILD_DEBUG_TRUE='#'
BUILD_SSH_TUNNEL_FALSE='#'
BUILD_SSH_TUNNEL_TRUE=''
CC='gcc'
CCDEPMODE='depmode=gcc3'
CFLAGS='-O2'
CPP='gcc -E'
CPPFLAGS=' -I/usr/include/postgresql -I/usr/include/postgresql/10/server -I/usr/include/postgresql -DHAVE_CONNINFO_PARSE -I/usr/lib/x86_64-linux-gnu/wx/include/gtk2-unicode-3.0 -I/usr/include/wx-3.0 -D_FILE_OFFSET_BITS=64 -DWXUSINGDLL -D__WXGTK__ -DEMBED_XRC -I/usr/include/libxml2 -I/usr/include/libxml2 -DHAVE_OPENSSL_CRYPTO -DLIBSSH2_OPENSSL'
CXX='g++'
CXXDEPMODE='depmode=gcc3'
CXXFLAGS='-O2'
CYGPATH_W='echo'
DEFS='-DHAVE_CONFIG_H'
DEPDIR='.deps'
ECHO_C=''
ECHO_N='-n'
ECHO_T=''
EDB_LIBPQ='no'
EDB_LIBPQ_FALSE=''
EDB_LIBPQ_TRUE='#'
EGREP='/bin/grep -E'
EXEEXT=''
GREP='/bin/grep'
HAVE_DATABASEDESIGNER='no'
HAVE_LIBGCRYPT=''
HAVE_LIBSSL='yes'
HAVE_LIBZ='yes'
HAVE_SYS_UN_H_FALSE='#'
HAVE_SYS_UN_H_TRUE=''
INSTALL_DATA='${INSTALL} -m 644'
INSTALL_DOCS_FALSE=''
INSTALL_DOCS_TRUE='#'
INSTALL_PROGRAM='${INSTALL}'
INSTALL_SCRIPT='${INSTALL}'
INSTALL_STRIP_PROGRAM='$(install_sh) -c -s'
LDFLAGS=' -L/usr/lib/x86_64-linux-gnu -Wl,-as-needed -L/usr/lib'
LIBGCRYPT=''
LIBGCRYPT_FALSE=''
LIBGCRYPT_PREFIX=''
LIBGCRYPT_TRUE='#'
LIBOBJS=''
LIBS=' -L/usr/lib/x86_64-linux-gnu -lcrypto -lpq /usr/lib/x86_64-linux-gnu/libssl.so /usr/lib/x86_64-linux-gnu/libcrypto.so -Wl,-rpath -Wl,/usr/lib/x86_64-linux-gnu /usr/lib/x86_64-linux-gnu/libz.so -Wl,-rpath -Wl,/usr/lib/x86_64-linux-gnu'
LIBSREQUIRED='libssl,libcrypto'
LIBSSL='/usr/lib/x86_64-linux-gnu/libssl.so /usr/lib/x86_64-linux-gnu/libcrypto.so -Wl,-rpath -Wl,/usr/lib/x86_64-linux-gnu'
LIBSSL_PREFIX=''
LIBZ='/usr/lib/x86_64-linux-gnu/libz.so -Wl,-rpath -Wl,/usr/lib/x86_64-linux-gnu'
LIBZ_PREFIX=''
LTLIBGCRYPT=''
LTLIBOBJS=''
LTLIBSSL='-L/usr/lib/x86_64-linux-gnu -lssl -L/usr/lib/x86_64-linux-gnu -lcrypto -R/usr/lib/x86_64-linux-gnu'
LTLIBZ='-L/usr/lib/x86_64-linux-gnu -lz -R/usr/lib/x86_64-linux-gnu'
MAKEINFO='${SHELL} /root/pgAdmin3-master/config/missing makeinfo'
MKDIR_P='/bin/mkdir -p'
OBJEXT='o'
PACKAGE='pgadmin3'
PACKAGE_BUGREPORT='pgadmin-support@postgresql.org'
PACKAGE_NAME='pgadmin3'
PACKAGE_STRING='pgadmin3 1.22.2'
PACKAGE_TARNAME='pgadmin3'
PACKAGE_URL=''
PACKAGE_VERSION='1.22.2'
PATH_SEPARATOR=':'
PG_CONFIG='/usr/bin/pg_config'
POW_LIB=''
RANLIB='ranlib'
SET_MAKE=''
SHELL='/bin/bash'
SPHINX_BUILD='/usr/bin/sphinx-build'
SPHINX_BUILD_FALSE='#'
SPHINX_BUILD_TRUE=''
STRIP=''
SUN_CC_FALSE=''
SUN_CC_TRUE='#'
SUN_CXX_FALSE=''
SUN_CXX_TRUE='#'
VERSION='1.22.2'
WX_CONFIG='/usr/bin/wx-config'
XML2_CONFIG='/usr/bin/xml2-config'
XSLT_CONFIG='/usr/bin/xslt-config'
ac_ct_CC='gcc'
ac_ct_CXX='g++'
am__EXEEXT_FALSE=''
am__EXEEXT_TRUE='#'
am__fastdepCC_FALSE='#'
am__fastdepCC_TRUE=''
am__fastdepCXX_FALSE='#'
am__fastdepCXX_TRUE=''
am__include='include'
am__isrc=''
am__leading_dot='.'
am__nodep='_no'
am__quote=''
am__tar='tar --format=ustar -chf - "$$tardir"'
am__untar='tar -xf -'
bindir='${exec_prefix}/bin'
build='x86_64-unknown-linux-gnu'
build_alias=''
build_cpu='x86_64'
build_os='linux-gnu'
build_vendor='unknown'
bundledir=''
datadir='${datarootdir}'
datarootdir='${prefix}/share'
docdir='${datarootdir}/doc/${PACKAGE_TARNAME}'
dvidir='${docdir}'
exec_prefix='${prefix}'
host='x86_64-unknown-linux-gnu'
host_alias=''
host_cpu='x86_64'
host_os='linux-gnu'
host_vendor='unknown'
htmldir='${docdir}'
includedir='${prefix}/include'
infodir='${datarootdir}/info'
install_sh='${SHELL} /root/pgAdmin3-master/config/install-sh'
libdir='${exec_prefix}/lib'
libexecdir='${exec_prefix}/libexec'
localedir='${datarootdir}/locale'
localstatedir='${prefix}/var'
mandir='${datarootdir}/man'
mkdir_p='$(MKDIR_P)'
oldincludedir='/usr/include'
pdfdir='${docdir}'
pgScript_LDADD='-L/usr/lib/x86_64-linux-gnu -pthread   -lwx_baseu-3.0 -lwx_gtk2u_core-3.0 -lwx_baseu_xml-3.0 '
pgadmin3_LDADD='-L/usr/lib/x86_64-linux-gnu -pthread   -lwx_gtk2u_stc-3.0 -lwx_gtk2u_aui-3.0 -lwx_gtk2u_xrc-3.0 -lwx_gtk2u_html-3.0 -lwx_gtk2u_qa-3.0 -lwx_gtk2u_adv-3.0 -lwx_gtk2u_core-3.0 -lwx_baseu_xml-3.0 -lwx_baseu_net-3.0 -lwx_baseu-3.0  -lxml2 -lxslt -lxml2'
pgsTest_LDADD='-L/usr/lib/x86_64-linux-gnu -pthread   -lwx_baseu-3.0 -lwx_gtk2u_core-3.0 -lwx_baseu_xml-3.0 '
png2c_LDADD=''
prefix='/usr/local/pgadmin3'
program_transform_name='s,x,x,'
psdir='${docdir}'
runstatedir='${localstatedir}/run'
sbindir='${exec_prefix}/sbin'
sharedstatedir='${prefix}/com'
sysconfdir='${prefix}/etc'
target_alias=''

## ----------- ##
## confdefs.h. ##
## ----------- ##

/* confdefs.h */
#define PACKAGE_NAME "pgadmin3"
#define PACKAGE_TARNAME "pgadmin3"
#define PACKAGE_VERSION "1.22.2"
#define PACKAGE_STRING "pgadmin3 1.22.2"
#define PACKAGE_BUGREPORT "pgadmin-support@postgresql.org"
#define PACKAGE_URL ""
#define PACKAGE "pgadmin3"
#define VERSION "1.22.2"
#define STDC_HEADERS 1
#define HAVE_SYS_TYPES_H 1
#define HAVE_SYS_STAT_H 1
#define HAVE_STDLIB_H 1
#define HAVE_STRING_H 1
#define HAVE_MEMORY_H 1
#define HAVE_STRINGS_H 1
#define HAVE_INTTYPES_H 1
#define HAVE_STDINT_H 1
#define HAVE_UNISTD_H 1
#define HAVE_ARPA_INET_H 1
#define HAVE_NETDB_H 1
#define HAVE_NETINET_IN_H 1
#define HAVE_STDLIB_H 1
#define HAVE_ERRNO_H 1
#define HAVE_FCNTL_H 1
#define HAVE_STDIO_H 1
#define HAVE_UNISTD_H 1
#define HAVE_SYS_UIO_H 1
#define HAVE_SYS_SELECT_H 1
#define HAVE_SYS_SOCKET_H 1
#define HAVE_SYS_IOCTL_H 1
#define HAVE_SYS_TIME_H 1
#define HAVE_SYS_UN_H 1
#define HAVE__BOOL 1
#define HAVE_STDBOOL_H 1
#define TIME_WITH_SYS_TIME 1
#define HAVE_GETHOSTBYNAME 1
#define HAVE_INET_NTOA 1
#define HAVE_MEMMOVE 1
#define HAVE_MEMSET 1
#define HAVE_STRCHR 1
#define HAVE_LIBSSL 1
#define LIBSSH2_OPENSSL 1
#define HAVE_OPENSSL_CRYPTO 1
#define HAVE_EVP_AES_128_CTR 1
#define HAVE_LIBZ 1
#define LIBSSH2_HAVE_ZLIB 1
#define HAVE_O_NONBLOCK 1

configure: exit 0
